// info d'utilisateur pour des test
        Nouvel utilisateur inscrit :
        Nom : Enaanai
        Email : enaanai@gmail.com
        Mot de passe (clair) : enaanai1234
        Mot de passe (haché) : $2b$10$tXTyY.R2QL4ADieCBUWPEemnNNwISokCqtK7kw1.u8IBb3gxKdKna
        Type d'utilisateur : enseignant
        Date : 24/04/2025 18:44:21
        ----------------------------
        Nouvel utilisateur inscrit :
        Nom : El alami
        Email : imad@gmail.com
        Mot de passe (clair) : imad1234
        Mot de passe (haché) : $2b$10$AoZbvciwn761QBEk73216O1EtGfLRANyYqCXG3E4LRuW7jtAWIBCu
        Type d'utilisateur : enseignant
        Date : 24/04/2025 23:58:19
        ----------------------------
        Nouvel utilisateur inscrit :
        Nom : Benhaqy
        Email : adil@gmail.com
        Mot de passe (clair) : adil1234
        Mot de passe (haché) : $2b$10$01jEzn/bvEWrxddhfaIe6u..7s18D/G6DGtmq3YocbBUu5qS5foYu
        Type d'utilisateur : etudiant
        Date : 25/04/2025 00:58:11
        ----------------------------
        Nouvel utilisateur inscrit :
        Nom : Enaanai
        Email : enaanai@gmail.com
        Mot de passe (clair) : enaanai1234
        Mot de passe (haché) : $2b$10$gN8FIvx96d6jSK6m67tkIeon5B7ki3VKj4eH72gRMvosJylo8oyQ.
        Type d'utilisateur : enseignant
        Date : 25/04/2025 19:38:43
        ----------------------------
        Nouvel utilisateur inscrit :
        Nom : El bakhti
        Email : ayman@gmail.com
        Mot de passe (clair) : ayman1234
        Mot de passe (haché) : $2b$10$BdM6Dmbzh.uvVLgZ01w9vujK2nncqIa7QJVypAdHWkVdzbn2RterS
        Type d'utilisateur : etudiant
        Date : 27/04/2025 16:29:28
        ----------------------------
        Nouvel utilisateur inscrit :
        Nom : Ben haqy
        Email : adil@gmail.com
        Mot de passe (clair) : adil1234
        Mot de passe (haché) : $2b$10$FYY3vQUiUwxGHalQw.YaJ.sihgXMXFR/kvfPYWqupIYk.9nvnzfuK
        Type d'utilisateur : enseignant
        Date : 06/05/2025 19:40:09
        ----------------------------
        Nouvel utilisateur inscrit :
        Nom : Benhaqy
        Email : adil@gmail.com
        Mot de passe (clair) : adil1234
        Mot de passe (haché) : $2b$10$aqOUARHW3yHDUXpD1lq4E.O46RdeBWSzacRNfxo8LcHn7LPtV9Wnm
        Type d'utilisateur : enseignant
        Date : 06/05/2025 19:44:56
        ----------------------------
        Nouvel utilisateur inscrit :
        Nom : Benhaqy
        Email : adil@gmail.com
        Mot de passe (clair) : adil1234
        Mot de passe (haché) : $2b$10$cukm8QURLUfoEZ2X1xgYQOqtcmqI516AmXWh3iWEHgP31IAbU.zG6
        Type d'utilisateur : enseignant
        Date : 06/05/2025 19:52:49
        ----------------------------
        Nouvel utilisateur inscrit :
        Nom : Enaanai
        Email : enaanai@gmail.com
        Mot de passe (clair) : enaanai1234
        Mot de passe (haché) : $2b$10$thwiWH1Srpsjxh.DSjkwXeMl9jogO6vu0TOXPD5C89WIaKpgL0tt.
        Type d'utilisateur : enseignant
        Date : 06/05/2025 19:59:12
        ----------------------------
        Nouvel utilisateur inscrit :
        Nom : EL
        Email : ayman@gmail.com
        Mot de passe (clair) : ayman1234
        Mot de passe (haché) : $2b$10$siu3dGS8m1Ji93PN.qVNOuiDc6RpC9Kp8wIxPowXLZ04xThWOShHK
        Type d'utilisateur : etudiant
        Date : 06/05/2025 20:09:32
        ----------------------------
        Nouvel utilisateur inscrit :
        Nom : Benhaqy
        Email : adil@gmail.com
        Mot de passe (clair) : adil1234
        Mot de passe (haché) : $2b$10$Tnt6zOMW0q1r.25XREeQA..KtJITGW7yDf4UMrG8m508TH2.7UuI.
        Type d'utilisateur : etudiant
        Date : 06/05/2025 20:18:25
        ----------------------------
        Nouvel utilisateur inscrit :
        Nom : El
        Email : ayman@gmail.com
        Mot de passe (clair) : ayman1234
        Mot de passe (haché) : $2b$10$Chr9daxFIoy91U5VBvhKSe4dLyVb78cZgr6d6BmFE7g4r64Uet6ui
        Type d'utilisateur : etudiant
        Date : 06/05/2025 21:23:38
        ----------------------------
        Nouvel utilisateur inscrit :
        Nom : El
        Email : ayman@gmail.com
        Mot de passe (clair) : ayman1234
        Mot de passe (haché) : $2b$10$dLGz4RV19rvQtcevXNFpYuemPDdfHl2DrkAYXF2x1Sc1GAGVEPUSe
        Type d'utilisateur : etudiant
        Date : 06/05/2025 21:40:20
        ----------------------------